<?xml version="1.0" encoding="UTF-8"?>
<testsuite name="es.upm.grise.profundizacion.jenkins.SquareTest" tests="1" skipped="0" failures="0" errors="0" timestamp="2024-11-18T22:44:07" hostname="DESKTOP-MFA6O9J" time="0.038">
  <properties/>
  <testcase name="test()" classname="es.upm.grise.profundizacion.jenkins.SquareTest" time="0.038"/>
  <system-out><![CDATA[]]></system-out>
  <system-err><![CDATA[]]></system-err>
</testsuite>
